grunt> store Totals into '10_pig_test.out';
2016-09-20 16:25:26,098 [main] INFO  org.apache.hadoop.conf.Configuration.deprecation - fs.default.name is deprecated. Instead, use fs.defaultFS
2016-09-20 16:25:26,120 [main] INFO  org.apache.hadoop.conf.Configuration.deprecation - mapred.textoutputformat.separator is deprecated. Instead, use mapreduce.output.textoutputformat.separator
2016-09-20 16:25:26,137 [main] INFO  org.apache.pig.tools.pigstats.ScriptState - Pig features used in the script: GROUP_BY
2016-09-20 16:25:26,166 [main] INFO  org.apache.hadoop.conf.Configuration.deprecation - fs.default.name is deprecated. Instead, use fs.defaultFS
2016-09-20 16:25:26,169 [main] INFO  org.apache.pig.data.SchemaTupleBackend - Key [pig.schematuple] was not set... will not generate code.
2016-09-20 16:25:26,201 [main] INFO  org.apache.pig.newplan.logical.optimizer.LogicalPlanOptimizer - {RULES_ENABLED=[AddForEach, ColumnMapKeyPrune, ConstantCalculator, GroupByConstParallelSetter, LimitOptimizer, LoadTypeCastInserter, MergeFilter, MergeForEach, PartitionFilterOptimizer, PredicatePushdownOptimizer, PushDownForEachFlatten, PushUpFilter, SplitFilter, StreamTypeCastInserter]}
2016-09-20 16:25:26,228 [main] INFO  org.apache.pig.newplan.logical.rules.ColumnPruneVisitor - Columns pruned for TestData: $0
2016-09-20 16:25:26,268 [main] INFO  org.apache.pig.impl.util.SpillableMemoryManager - Selected heap (PS Old Gen) of size 699138048 to monitor. collectionUsageThreshold = 489396640, usageThreshold = 489396640
2016-09-20 16:25:26,335 [main] INFO  org.apache.pig.backend.hadoop.executionengine.mapReduceLayer.MRCompiler - File concatenation threshold: 100 optimistic? false
2016-09-20 16:25:26,354 [main] INFO  org.apache.pig.backend.hadoop.executionengine.util.CombinerOptimizerUtil - Choosing to move algebraic foreach to combiner
2016-09-20 16:25:26,384 [main] INFO  org.apache.pig.backend.hadoop.executionengine.mapReduceLayer.MultiQueryOptimizer - MR plan size before optimization: 1
2016-09-20 16:25:26,384 [main] INFO  org.apache.pig.backend.hadoop.executionengine.mapReduceLayer.MultiQueryOptimizer - MR plan size after optimization: 1
2016-09-20 16:25:26,416 [main] INFO  org.apache.hadoop.conf.Configuration.deprecation - fs.default.name is deprecated. Instead, use fs.defaultFS
2016-09-20 16:25:26,433 [main] INFO  org.apache.hadoop.conf.Configuration.deprecation - session.id is deprecated. Instead, use dfs.metrics.session-id
2016-09-20 16:25:26,434 [main] INFO  org.apache.hadoop.metrics.jvm.JvmMetrics - Initializing JVM Metrics with processName=JobTracker, sessionId=
2016-09-20 16:25:26,462 [main] INFO  org.apache.pig.tools.pigstats.mapreduce.MRScriptState - Pig script settings are added to the job
2016-09-20 16:25:26,467 [main] INFO  org.apache.hadoop.conf.Configuration.deprecation - mapred.job.reduce.markreset.buffer.percent is deprecated. Instead, use mapreduce.reduce.markreset.buffer.percent
2016-09-20 16:25:26,468 [main] INFO  org.apache.pig.backend.hadoop.executionengine.mapReduceLayer.JobControlCompiler - mapred.job.reduce.markreset.buffer.percent is not set, set to default 0.3
2016-09-20 16:25:26,468 [main] INFO  org.apache.hadoop.conf.Configuration.deprecation - mapred.output.compress is deprecated. Instead, use mapreduce.output.fileoutputformat.compress
2016-09-20 16:25:26,470 [main] INFO  org.apache.pig.backend.hadoop.executionengine.mapReduceLayer.JobControlCompiler - Reduce phase detected, estimating # of required reducers.
2016-09-20 16:25:26,471 [main] INFO  org.apache.pig.backend.hadoop.executionengine.mapReduceLayer.JobControlCompiler - Using reducer estimator: org.apache.pig.backend.hadoop.executionengine.mapReduceLayer.InputSizeReducerEstimator
2016-09-20 16:25:26,488 [main] INFO  org.apache.pig.backend.hadoop.executionengine.mapReduceLayer.InputSizeReducerEstimator - BytesPerReducer=1000000000 maxReducers=999 totalInputFileSize=318528324
2016-09-20 16:25:26,489 [main] INFO  org.apache.pig.backend.hadoop.executionengine.mapReduceLayer.JobControlCompiler - Setting Parallelism to 1
2016-09-20 16:25:26,489 [main] INFO  org.apache.hadoop.conf.Configuration.deprecation - mapred.reduce.tasks is deprecated. Instead, use mapreduce.job.reduces
2016-09-20 16:25:26,489 [main] INFO  org.apache.pig.backend.hadoop.executionengine.mapReduceLayer.JobControlCompiler - This job cannot be converted run in-process
2016-09-20 16:25:26,502 [main] INFO  org.apache.hadoop.conf.Configuration.deprecation - mapred.submit.replication is deprecated. Instead, use mapreduce.client.submit.file.replication
2016-09-20 16:25:26,816 [main] INFO  org.apache.pig.backend.hadoop.executionengine.mapReduceLayer.JobControlCompiler - Added jar file:/home/hadoop/pig-0.16.0/pig-0.16.0-core-h2.jar to DistributedCache through /tmp/temp64194410/tmp-397853984/pig-0.16.0-core-h2.jar
2016-09-20 16:25:26,837 [main] INFO  org.apache.pig.backend.hadoop.executionengine.mapReduceLayer.JobControlCompiler - Added jar file:/home/hadoop/pig-0.16.0/lib/automaton-1.11-8.jar to DistributedCache through /tmp/temp64194410/tmp-1847191611/automaton-1.11-8.jar
2016-09-20 16:25:26,858 [main] INFO  org.apache.pig.backend.hadoop.executionengine.mapReduceLayer.JobControlCompiler - Added jar file:/home/hadoop/pig-0.16.0/lib/antlr-runtime-3.4.jar to DistributedCache through /tmp/temp64194410/tmp-718349492/antlr-runtime-3.4.jar
2016-09-20 16:25:26,892 [main] INFO  org.apache.pig.backend.hadoop.executionengine.mapReduceLayer.JobControlCompiler - Added jar file:/home/hadoop/pig-0.16.0/lib/joda-time-2.9.3.jar to DistributedCache through /tmp/temp64194410/tmp-1540967547/joda-time-2.9.3.jar
2016-09-20 16:25:26,902 [main] INFO  org.apache.pig.backend.hadoop.executionengine.mapReduceLayer.JobControlCompiler - Setting up single store job
2016-09-20 16:25:26,908 [main] INFO  org.apache.pig.data.SchemaTupleFrontend - Key [pig.schematuple] is false, will not generate code.
2016-09-20 16:25:26,908 [main] INFO  org.apache.pig.data.SchemaTupleFrontend - Starting process to move generated code to distributed cacche
2016-09-20 16:25:26,909 [main] INFO  org.apache.pig.data.SchemaTupleFrontend - Setting key [pig.schematuple.classes] with classes to deserialize []
2016-09-20 16:25:26,986 [main] INFO  org.apache.pig.backend.hadoop.executionengine.mapReduceLayer.MapReduceLauncher - 1 map-reduce job(s) waiting for submission.
2016-09-20 16:25:26,987 [main] INFO  org.apache.hadoop.conf.Configuration.deprecation - mapred.job.tracker.http.address is deprecated. Instead, use mapreduce.jobtracker.http.address
2016-09-20 16:25:27,002 [JobControl] INFO  org.apache.hadoop.metrics.jvm.JvmMetrics - Cannot initialize JVM Metrics with processName=JobTracker, sessionId= - already initialized
2016-09-20 16:25:27,015 [JobControl] INFO  org.apache.hadoop.conf.Configuration.deprecation - mapred.task.id is deprecated. Instead, use mapreduce.task.attempt.id
2016-09-20 16:25:27,017 [JobControl] INFO  org.apache.hadoop.conf.Configuration.deprecation - fs.default.name is deprecated. Instead, use fs.defaultFS
2016-09-20 16:25:27,198 [JobControl] WARN  org.apache.hadoop.mapreduce.JobResourceUploader - No job jar file set.  User classes may not be found. See Job or Job#setJar(String).
2016-09-20 16:25:27,227 [JobControl] INFO  org.apache.pig.builtin.PigStorage - Using PigTextInputFormat
2016-09-20 16:25:27,237 [JobControl] INFO  org.apache.hadoop.mapreduce.lib.input.FileInputFormat - Total input paths to process : 2
2016-09-20 16:25:27,237 [JobControl] INFO  org.apache.pig.backend.hadoop.executionengine.util.MapRedUtil - Total input paths to process : 2
2016-09-20 16:25:27,250 [JobControl] INFO  org.apache.pig.backend.hadoop.executionengine.util.MapRedUtil - Total input paths (combined) to process : 3
2016-09-20 16:25:27,321 [JobControl] INFO  org.apache.hadoop.mapreduce.JobSubmitter - number of splits:3
2016-09-20 16:25:27,422 [JobControl] INFO  org.apache.hadoop.mapreduce.JobSubmitter - Submitting tokens for job: job_local181732998_0001
2016-09-20 16:25:27,717 [JobControl] INFO  org.apache.hadoop.mapred.LocalDistributedCacheManager - Creating symlink: /tmp/hadoop-hadoop/mapred/local/1474410327499/pig-0.16.0-core-h2.jar <- /home/hadoop/learnhadoop/pig-0.16.0-core-h2.jar
2016-09-20 16:25:27,722 [JobControl] INFO  org.apache.hadoop.mapred.LocalDistributedCacheManager - Localized hdfs://localhost:9000/tmp/temp64194410/tmp-397853984/pig-0.16.0-core-h2.jar as file:/tmp/hadoop-hadoop/mapred/local/1474410327499/pig-0.16.0-core-h2.jar
2016-09-20 16:25:27,740 [JobControl] INFO  org.apache.hadoop.mapred.LocalDistributedCacheManager - Creating symlink: /tmp/hadoop-hadoop/mapred/local/1474410327500/automaton-1.11-8.jar <- /home/hadoop/learnhadoop/automaton-1.11-8.jar
2016-09-20 16:25:27,742 [JobControl] INFO  org.apache.hadoop.mapred.LocalDistributedCacheManager - Localized hdfs://localhost:9000/tmp/temp64194410/tmp-1847191611/automaton-1.11-8.jar as file:/tmp/hadoop-hadoop/mapred/local/1474410327500/automaton-1.11-8.jar
2016-09-20 16:25:27,742 [JobControl] INFO  org.apache.hadoop.mapred.LocalDistributedCacheManager - Creating symlink: /tmp/hadoop-hadoop/mapred/local/1474410327501/antlr-runtime-3.4.jar <- /home/hadoop/learnhadoop/antlr-runtime-3.4.jar
2016-09-20 16:25:27,744 [JobControl] INFO  org.apache.hadoop.mapred.LocalDistributedCacheManager - Localized hdfs://localhost:9000/tmp/temp64194410/tmp-718349492/antlr-runtime-3.4.jar as file:/tmp/hadoop-hadoop/mapred/local/1474410327501/antlr-runtime-3.4.jar
2016-09-20 16:25:27,744 [JobControl] INFO  org.apache.hadoop.mapred.LocalDistributedCacheManager - Creating symlink: /tmp/hadoop-hadoop/mapred/local/1474410327502/joda-time-2.9.3.jar <- /home/hadoop/learnhadoop/joda-time-2.9.3.jar
2016-09-20 16:25:27,745 [JobControl] INFO  org.apache.hadoop.mapred.LocalDistributedCacheManager - Localized hdfs://localhost:9000/tmp/temp64194410/tmp-1540967547/joda-time-2.9.3.jar as file:/tmp/hadoop-hadoop/mapred/local/1474410327502/joda-time-2.9.3.jar
2016-09-20 16:25:27,792 [JobControl] INFO  org.apache.hadoop.mapred.LocalDistributedCacheManager - file:/tmp/hadoop-hadoop/mapred/local/1474410327499/pig-0.16.0-core-h2.jar
2016-09-20 16:25:27,792 [JobControl] INFO  org.apache.hadoop.mapred.LocalDistributedCacheManager - file:/tmp/hadoop-hadoop/mapred/local/1474410327500/automaton-1.11-8.jar
2016-09-20 16:25:27,792 [JobControl] INFO  org.apache.hadoop.mapred.LocalDistributedCacheManager - file:/tmp/hadoop-hadoop/mapred/local/1474410327501/antlr-runtime-3.4.jar
2016-09-20 16:25:27,792 [JobControl] INFO  org.apache.hadoop.mapred.LocalDistributedCacheManager - file:/tmp/hadoop-hadoop/mapred/local/1474410327502/joda-time-2.9.3.jar
2016-09-20 16:25:27,796 [JobControl] INFO  org.apache.hadoop.mapreduce.Job - The url to track the job: http://localhost:8080/
2016-09-20 16:25:27,796 [main] INFO  org.apache.pig.backend.hadoop.executionengine.mapReduceLayer.MapReduceLauncher - HadoopJobId: job_local181732998_0001
2016-09-20 16:25:27,796 [main] INFO  org.apache.pig.backend.hadoop.executionengine.mapReduceLayer.MapReduceLauncher - Processing aliases Groups,Rounded,TestData,Totals
2016-09-20 16:25:27,796 [main] INFO  org.apache.pig.backend.hadoop.executionengine.mapReduceLayer.MapReduceLauncher - detailed locations: M: TestData[1,11],Rounded[-1,-1],Totals[7,9],Groups[6,9] C: Totals[7,9],Groups[6,9] R: Totals[7,9]
2016-09-20 16:25:27,802 [Thread-32] INFO  org.apache.hadoop.mapred.LocalJobRunner - OutputCommitter set in config null
2016-09-20 16:25:27,803 [main] INFO  org.apache.pig.backend.hadoop.executionengine.mapReduceLayer.MapReduceLauncher - 0% complete
2016-09-20 16:25:27,803 [main] INFO  org.apache.pig.backend.hadoop.executionengine.mapReduceLayer.MapReduceLauncher - Running jobs are [job_local181732998_0001]
2016-09-20 16:25:27,833 [Thread-32] INFO  org.apache.hadoop.conf.Configuration.deprecation - mapred.textoutputformat.separator is deprecated. Instead, use mapreduce.output.textoutputformat.separator
2016-09-20 16:25:27,834 [Thread-32] INFO  org.apache.hadoop.conf.Configuration.deprecation - mapred.reduce.tasks is deprecated. Instead, use mapreduce.job.reduces
2016-09-20 16:25:27,834 [Thread-32] INFO  org.apache.hadoop.conf.Configuration.deprecation - mapred.job.tracker is deprecated. Instead, use mapreduce.jobtracker.address
2016-09-20 16:25:27,834 [Thread-32] INFO  org.apache.hadoop.conf.Configuration.deprecation - mapred.job.reduce.markreset.buffer.percent is deprecated. Instead, use mapreduce.reduce.markreset.buffer.percent
2016-09-20 16:25:27,835 [Thread-32] INFO  org.apache.hadoop.conf.Configuration.deprecation - fs.default.name is deprecated. Instead, use fs.defaultFS
2016-09-20 16:25:27,835 [Thread-32] INFO  org.apache.hadoop.mapreduce.lib.output.FileOutputCommitter - File Output Committer Algorithm version is 1
2016-09-20 16:25:27,837 [Thread-32] INFO  org.apache.hadoop.mapred.LocalJobRunner - OutputCommitter is org.apache.pig.backend.hadoop.executionengine.mapReduceLayer.PigOutputCommitter
2016-09-20 16:25:27,882 [Thread-32] INFO  org.apache.hadoop.mapred.LocalJobRunner - Waiting for map tasks
2016-09-20 16:25:27,883 [LocalJobRunner Map Task Executor #0] INFO  org.apache.hadoop.mapred.LocalJobRunner - Starting task: attempt_local181732998_0001_m_000000_0
2016-09-20 16:25:27,924 [LocalJobRunner Map Task Executor #0] INFO  org.apache.hadoop.mapreduce.lib.output.FileOutputCommitter - File Output Committer Algorithm version is 1
2016-09-20 16:25:27,940 [LocalJobRunner Map Task Executor #0] INFO  org.apache.hadoop.mapred.Task -  Using ResourceCalculatorProcessTree : [ ]
2016-09-20 16:25:27,944 [LocalJobRunner Map Task Executor #0] INFO  org.apache.hadoop.mapred.MapTask - Processing split: Number of splits :1
Total Length = 134217728
Input split[0]:
   Length = 134217728
   ClassName: org.apache.hadoop.mapreduce.lib.input.FileSplit
   Locations:

-----------------------

2016-09-20 16:25:27,951 [LocalJobRunner Map Task Executor #0] INFO  org.apache.pig.builtin.PigStorage - Using PigTextInputFormat
2016-09-20 16:25:27,954 [LocalJobRunner Map Task Executor #0] INFO  org.apache.pig.backend.hadoop.executionengine.mapReduceLayer.PigRecordReader - Current split being processed hdfs://localhost:9000/user/test2/000000_0:0+134217728
2016-09-20 16:25:27,984 [LocalJobRunner Map Task Executor #0] INFO  org.apache.hadoop.mapred.MapTask - (EQUATOR) 0 kvi 26214396(104857584)
2016-09-20 16:25:27,985 [LocalJobRunner Map Task Executor #0] INFO  org.apache.hadoop.mapred.MapTask - mapreduce.task.io.sort.mb: 100
2016-09-20 16:25:27,985 [LocalJobRunner Map Task Executor #0] INFO  org.apache.hadoop.mapred.MapTask - soft limit at 83886080
2016-09-20 16:25:27,985 [LocalJobRunner Map Task Executor #0] INFO  org.apache.hadoop.mapred.MapTask - bufstart = 0; bufvoid = 104857600
2016-09-20 16:25:27,985 [LocalJobRunner Map Task Executor #0] INFO  org.apache.hadoop.mapred.MapTask - kvstart = 26214396; length = 6553600
2016-09-20 16:25:27,988 [LocalJobRunner Map Task Executor #0] INFO  org.apache.hadoop.mapred.MapTask - Map output collector class = org.apache.hadoop.mapred.MapTask$MapOutputBuffer
2016-09-20 16:25:27,993 [LocalJobRunner Map Task Executor #0] INFO  org.apache.pig.impl.util.SpillableMemoryManager - Selected heap (PS Old Gen) of size 699138048 to monitor. collectionUsageThreshold = 489396640, usageThreshold = 489396640
2016-09-20 16:25:27,994 [LocalJobRunner Map Task Executor #0] INFO  org.apache.pig.data.SchemaTupleBackend - Key [pig.schematuple] was not set... will not generate code.
2016-09-20 16:25:28,004 [LocalJobRunner Map Task Executor #0] INFO  org.apache.pig.backend.hadoop.executionengine.mapReduceLayer.PigGenericMapReduce$Map - Aliases being processed per job phase (AliasName[line,offset]): M: TestData[1,11],Rounded[-1,-1],Totals[7,9],Groups[6,9] C: Totals[7,9],Groups[6,9] R: Totals[7,9]
2016-09-20 16:25:33,927 [communication thread] INFO  org.apache.hadoop.mapred.LocalJobRunner - map > map
2016-09-20 16:25:36,928 [communication thread] INFO  org.apache.hadoop.mapred.LocalJobRunner - map > map
2016-09-20 16:25:37,357 [main] INFO  org.apache.pig.backend.hadoop.executionengine.mapReduceLayer.MapReduceLauncher - 5% complete
2016-09-20 16:25:37,357 [main] INFO  org.apache.pig.backend.hadoop.executionengine.mapReduceLayer.MapReduceLauncher - Running jobs are [job_local181732998_0001]
2016-09-20 16:25:39,414 [LocalJobRunner Map Task Executor #0] INFO  org.apache.hadoop.mapred.MapTask - Spilling map output
2016-09-20 16:25:39,414 [LocalJobRunner Map Task Executor #0] INFO  org.apache.hadoop.mapred.MapTask - bufstart = 0; bufend = 37818456; bufvoid = 104857600
2016-09-20 16:25:39,414 [LocalJobRunner Map Task Executor #0] INFO  org.apache.hadoop.mapred.MapTask - kvstart = 26214396(104857584); kvend = 14697496(58789984); length = 11516901/6553600
2016-09-20 16:25:39,414 [LocalJobRunner Map Task Executor #0] INFO  org.apache.hadoop.mapred.MapTask - (EQUATOR) 48304212 kvi 12076048(48304192)
2016-09-20 16:25:39,815 [SpillThread] INFO  org.apache.pig.backend.hadoop.executionengine.mapReduceLayer.PigCombiner$Combine - Aliases being processed per job phase (AliasName[line,offset]): M: TestData[1,11],Rounded[-1,-1],Totals[7,9],Groups[6,9] C: Totals[7,9],Groups[6,9] R: Totals[7,9]
2016-09-20 16:25:39,929 [communication thread] INFO  org.apache.hadoop.mapred.LocalJobRunner - map > map
2016-09-20 16:25:42,930 [communication thread] INFO  org.apache.hadoop.mapred.LocalJobRunner - map > map
2016-09-20 16:25:42,984 [SpillThread] INFO  org.apache.hadoop.mapred.MapTask - Finished spill 0
2016-09-20 16:25:42,984 [LocalJobRunner Map Task Executor #0] INFO  org.apache.hadoop.mapred.MapTask - (RESET) equator 48304212 kv 12076048(48304192) kvi 10209068(40836272)
2016-09-20 16:25:45,931 [communication thread] INFO  org.apache.hadoop.mapred.LocalJobRunner - map > map
2016-09-20 16:25:46,059 [main] INFO  org.apache.pig.backend.hadoop.executionengine.mapReduceLayer.MapReduceLauncher - 10% complete
2016-09-20 16:25:46,059 [main] INFO  org.apache.pig.backend.hadoop.executionengine.mapReduceLayer.MapReduceLauncher - Running jobs are [job_local181732998_0001]
2016-09-20 16:25:46,616 [LocalJobRunner Map Task Executor #0] INFO  org.apache.hadoop.mapred.LocalJobRunner - map > map
2016-09-20 16:25:46,616 [LocalJobRunner Map Task Executor #0] INFO  org.apache.hadoop.mapred.MapTask - Starting flush of map output
2016-09-20 16:25:46,616 [LocalJobRunner Map Task Executor #0] INFO  org.apache.hadoop.mapred.MapTask - Spilling map output
2016-09-20 16:25:46,616 [LocalJobRunner Map Task Executor #0] INFO  org.apache.hadoop.mapred.MapTask - bufstart = 48304212; bufend = 64905638; bufvoid = 104857600
2016-09-20 16:25:46,616 [LocalJobRunner Map Task Executor #0] INFO  org.apache.hadoop.mapred.MapTask - kvstart = 12076048(48304192); kvend = 6802104(27208416); length = 5273945/6553600
2016-09-20 16:25:47,338 [LocalJobRunner Map Task Executor #0] INFO  org.apache.hadoop.mapred.MapTask - Finished spill 1
2016-09-20 16:25:47,346 [LocalJobRunner Map Task Executor #0] INFO  org.apache.hadoop.mapred.Merger - Merging 2 sorted segments
2016-09-20 16:25:47,350 [LocalJobRunner Map Task Executor #0] INFO  org.apache.hadoop.mapred.Merger - Down to the last merge-pass, with 2 segments left of total size: 82 bytes
2016-09-20 16:25:47,354 [LocalJobRunner Map Task Executor #0] INFO  org.apache.hadoop.mapred.Task - Task:attempt_local181732998_0001_m_000000_0 is done. And is in the process of committing
2016-09-20 16:25:47,355 [LocalJobRunner Map Task Executor #0] INFO  org.apache.hadoop.mapred.LocalJobRunner - map > sort
2016-09-20 16:25:47,355 [LocalJobRunner Map Task Executor #0] INFO  org.apache.hadoop.mapred.Task - Task 'attempt_local181732998_0001_m_000000_0' done.
2016-09-20 16:25:47,355 [LocalJobRunner Map Task Executor #0] INFO  org.apache.hadoop.mapred.LocalJobRunner - Finishing task: attempt_local181732998_0001_m_000000_0
2016-09-20 16:25:47,355 [LocalJobRunner Map Task Executor #0] INFO  org.apache.hadoop.mapred.LocalJobRunner - Starting task: attempt_local181732998_0001_m_000001_0
2016-09-20 16:25:47,364 [LocalJobRunner Map Task Executor #0] INFO  org.apache.hadoop.mapreduce.lib.output.FileOutputCommitter - File Output Committer Algorithm version is 1
2016-09-20 16:25:47,364 [LocalJobRunner Map Task Executor #0] INFO  org.apache.hadoop.mapred.Task -  Using ResourceCalculatorProcessTree : [ ]
2016-09-20 16:25:47,366 [LocalJobRunner Map Task Executor #0] INFO  org.apache.hadoop.mapred.MapTask - Processing split: Number of splits :1
Total Length = 126080279
Input split[0]:
   Length = 126080279
   ClassName: org.apache.hadoop.mapreduce.lib.input.FileSplit
   Locations:

-----------------------

2016-09-20 16:25:47,369 [LocalJobRunner Map Task Executor #0] INFO  org.apache.pig.builtin.PigStorage - Using PigTextInputFormat
2016-09-20 16:25:47,369 [LocalJobRunner Map Task Executor #0] INFO  org.apache.pig.backend.hadoop.executionengine.mapReduceLayer.PigRecordReader - Current split being processed hdfs://localhost:9000/user/test2/000000_0:134217728+126080279
2016-09-20 16:25:47,385 [LocalJobRunner Map Task Executor #0] INFO  org.apache.hadoop.mapred.MapTask - (EQUATOR) 0 kvi 26214396(104857584)
2016-09-20 16:25:47,386 [LocalJobRunner Map Task Executor #0] INFO  org.apache.hadoop.mapred.MapTask - mapreduce.task.io.sort.mb: 100
2016-09-20 16:25:47,386 [LocalJobRunner Map Task Executor #0] INFO  org.apache.hadoop.mapred.MapTask - soft limit at 83886080
2016-09-20 16:25:47,386 [LocalJobRunner Map Task Executor #0] INFO  org.apache.hadoop.mapred.MapTask - bufstart = 0; bufvoid = 104857600
2016-09-20 16:25:47,386 [LocalJobRunner Map Task Executor #0] INFO  org.apache.hadoop.mapred.MapTask - kvstart = 26214396; length = 6553600
2016-09-20 16:25:47,386 [LocalJobRunner Map Task Executor #0] INFO  org.apache.hadoop.mapred.MapTask - Map output collector class = org.apache.hadoop.mapred.MapTask$MapOutputBuffer
2016-09-20 16:25:47,392 [LocalJobRunner Map Task Executor #0] INFO  org.apache.pig.impl.util.SpillableMemoryManager - Selected heap (PS Old Gen) of size 699138048 to monitor. collectionUsageThreshold = 489396640, usageThreshold = 489396640
2016-09-20 16:25:47,392 [LocalJobRunner Map Task Executor #0] WARN  org.apache.pig.data.SchemaTupleBackend - SchemaTupleBackend has already been initialized
2016-09-20 16:25:47,406 [LocalJobRunner Map Task Executor #0] INFO  org.apache.pig.backend.hadoop.executionengine.mapReduceLayer.PigGenericMapReduce$Map - Aliases being processed per job phase (AliasName[line,offset]): M: TestData[1,11],Rounded[-1,-1],Totals[7,9],Groups[6,9] C: Totals[7,9],Groups[6,9] R: Totals[7,9]
2016-09-20 16:25:47,590 [main] INFO  org.apache.pig.backend.hadoop.executionengine.mapReduceLayer.MapReduceLauncher - 50% complete
2016-09-20 16:25:47,590 [main] INFO  org.apache.pig.backend.hadoop.executionengine.mapReduceLayer.MapReduceLauncher - Running jobs are [job_local181732998_0001]
2016-09-20 16:25:53,361 [communication thread] INFO  org.apache.hadoop.mapred.LocalJobRunner - map > map
2016-09-20 16:25:56,362 [communication thread] INFO  org.apache.hadoop.mapred.LocalJobRunner - map > map
2016-09-20 16:25:58,716 [LocalJobRunner Map Task Executor #0] INFO  org.apache.hadoop.mapred.MapTask - Spilling map output
2016-09-20 16:25:58,716 [LocalJobRunner Map Task Executor #0] INFO  org.apache.hadoop.mapred.MapTask - bufstart = 0; bufend = 35951172; bufvoid = 104857600
2016-09-20 16:25:58,716 [LocalJobRunner Map Task Executor #0] INFO  org.apache.hadoop.mapred.MapTask - kvstart = 26214396(104857584); kvend = 14230676(56922704); length = 11983721/6553600
2016-09-20 16:25:58,716 [LocalJobRunner Map Task Executor #0] INFO  org.apache.hadoop.mapred.MapTask - (EQUATOR) 46436930 kvi 11609228(46436912)
2016-09-20 16:26:00,241 [communication thread] INFO  org.apache.hadoop.mapred.LocalJobRunner - map > map
2016-09-20 16:26:02,596 [SpillThread] INFO  org.apache.hadoop.mapred.MapTask - Finished spill 0
2016-09-20 16:26:02,596 [LocalJobRunner Map Task Executor #0] INFO  org.apache.hadoop.mapred.MapTask - (RESET) equator 46436930 kv 11609228(46436912) kvi 9315752(37263008)
2016-09-20 16:26:03,243 [communication thread] INFO  org.apache.hadoop.mapred.LocalJobRunner - map > map
2016-09-20 16:26:04,097 [LocalJobRunner Map Task Executor #0] INFO  org.apache.hadoop.mapred.LocalJobRunner - map > map
2016-09-20 16:26:04,097 [LocalJobRunner Map Task Executor #0] INFO  org.apache.hadoop.mapred.MapTask - Starting flush of map output
2016-09-20 16:26:04,097 [LocalJobRunner Map Task Executor #0] INFO  org.apache.hadoop.mapred.MapTask - Spilling map output
2016-09-20 16:26:04,097 [LocalJobRunner Map Task Executor #0] INFO  org.apache.hadoop.mapred.MapTask - bufstart = 46436930; bufend = 57721298; bufvoid = 104857600
2016-09-20 16:26:04,097 [LocalJobRunner Map Task Executor #0] INFO  org.apache.hadoop.mapred.MapTask - kvstart = 11609228(46436912); kvend = 7847776(31391104); length = 3761453/6553600
2016-09-20 16:26:05,277 [LocalJobRunner Map Task Executor #0] INFO  org.apache.hadoop.mapred.MapTask - Finished spill 1
2016-09-20 16:26:05,279 [LocalJobRunner Map Task Executor #0] INFO  org.apache.hadoop.mapred.Merger - Merging 2 sorted segments
2016-09-20 16:26:05,281 [LocalJobRunner Map Task Executor #0] INFO  org.apache.hadoop.mapred.Merger - Down to the last merge-pass, with 2 segments left of total size: 30 bytes
2016-09-20 16:26:05,282 [LocalJobRunner Map Task Executor #0] INFO  org.apache.hadoop.mapred.Task - Task:attempt_local181732998_0001_m_000001_0 is done. And is in the process of committing
2016-09-20 16:26:05,284 [LocalJobRunner Map Task Executor #0] INFO  org.apache.hadoop.mapred.LocalJobRunner - map > sort
2016-09-20 16:26:05,284 [LocalJobRunner Map Task Executor #0] INFO  org.apache.hadoop.mapred.Task - Task 'attempt_local181732998_0001_m_000001_0' done.
2016-09-20 16:26:05,284 [LocalJobRunner Map Task Executor #0] INFO  org.apache.hadoop.mapred.LocalJobRunner - Finishing task: attempt_local181732998_0001_m_000001_0
2016-09-20 16:26:05,284 [LocalJobRunner Map Task Executor #0] INFO  org.apache.hadoop.mapred.LocalJobRunner - Starting task: attempt_local181732998_0001_m_000002_0
2016-09-20 16:26:05,291 [LocalJobRunner Map Task Executor #0] INFO  org.apache.hadoop.mapreduce.lib.output.FileOutputCommitter - File Output Committer Algorithm version is 1
2016-09-20 16:26:05,291 [LocalJobRunner Map Task Executor #0] INFO  org.apache.hadoop.mapred.Task -  Using ResourceCalculatorProcessTree : [ ]
2016-09-20 16:26:05,293 [LocalJobRunner Map Task Executor #0] INFO  org.apache.hadoop.mapred.MapTask - Processing split: Number of splits :1
Total Length = 58230317
Input split[0]:
   Length = 58230317
   ClassName: org.apache.hadoop.mapreduce.lib.input.FileSplit
   Locations:

-----------------------

2016-09-20 16:26:05,296 [LocalJobRunner Map Task Executor #0] INFO  org.apache.pig.builtin.PigStorage - Using PigTextInputFormat
2016-09-20 16:26:05,296 [LocalJobRunner Map Task Executor #0] INFO  org.apache.pig.backend.hadoop.executionengine.mapReduceLayer.PigRecordReader - Current split being processed hdfs://localhost:9000/user/test2/000001_0:0+58230317
2016-09-20 16:26:05,308 [LocalJobRunner Map Task Executor #0] INFO  org.apache.hadoop.mapred.MapTask - (EQUATOR) 0 kvi 26214396(104857584)
2016-09-20 16:26:05,308 [LocalJobRunner Map Task Executor #0] INFO  org.apache.hadoop.mapred.MapTask - mapreduce.task.io.sort.mb: 100
2016-09-20 16:26:05,308 [LocalJobRunner Map Task Executor #0] INFO  org.apache.hadoop.mapred.MapTask - soft limit at 83886080
2016-09-20 16:26:05,308 [LocalJobRunner Map Task Executor #0] INFO  org.apache.hadoop.mapred.MapTask - bufstart = 0; bufvoid = 104857600
2016-09-20 16:26:05,308 [LocalJobRunner Map Task Executor #0] INFO  org.apache.hadoop.mapred.MapTask - kvstart = 26214396; length = 6553600
2016-09-20 16:26:05,308 [LocalJobRunner Map Task Executor #0] INFO  org.apache.hadoop.mapred.MapTask - Map output collector class = org.apache.hadoop.mapred.MapTask$MapOutputBuffer
2016-09-20 16:26:05,312 [LocalJobRunner Map Task Executor #0] INFO  org.apache.pig.impl.util.SpillableMemoryManager - Selected heap (PS Old Gen) of size 699138048 to monitor. collectionUsageThreshold = 489396640, usageThreshold = 489396640
2016-09-20 16:26:05,312 [LocalJobRunner Map Task Executor #0] WARN  org.apache.pig.data.SchemaTupleBackend - SchemaTupleBackend has already been initialized
2016-09-20 16:26:05,316 [LocalJobRunner Map Task Executor #0] INFO  org.apache.pig.backend.hadoop.executionengine.mapReduceLayer.PigGenericMapReduce$Map - Aliases being processed per job phase (AliasName[line,offset]): M: TestData[1,11],Rounded[-1,-1],Totals[7,9],Groups[6,9] C: Totals[7,9],Groups[6,9] R: Totals[7,9]
2016-09-20 16:26:11,290 [communication thread] INFO  org.apache.hadoop.mapred.LocalJobRunner - map > map
2016-09-20 16:26:12,509 [LocalJobRunner Map Task Executor #0] INFO  org.apache.hadoop.mapred.LocalJobRunner - map > map
2016-09-20 16:26:12,509 [LocalJobRunner Map Task Executor #0] INFO  org.apache.hadoop.mapred.MapTask - Starting flush of map output
2016-09-20 16:26:12,509 [LocalJobRunner Map Task Executor #0] INFO  org.apache.hadoop.mapred.MapTask - Spilling map output
2016-09-20 16:26:12,509 [LocalJobRunner Map Task Executor #0] INFO  org.apache.hadoop.mapred.MapTask - bufstart = 0; bufend = 21278014; bufvoid = 104857600
2016-09-20 16:26:12,509 [LocalJobRunner Map Task Executor #0] INFO  org.apache.hadoop.mapred.MapTask - kvstart = 26214396(104857584); kvend = 18750432(75001728); length = 7463965/6553600
2016-09-20 16:26:13,598 [LocalJobRunner Map Task Executor #0] INFO  org.apache.hadoop.mapred.MapTask - Finished spill 0
2016-09-20 16:26:13,598 [LocalJobRunner Map Task Executor #0] INFO  org.apache.hadoop.mapred.Task - Task:attempt_local181732998_0001_m_000002_0 is done. And is in the process of committing
2016-09-20 16:26:13,599 [LocalJobRunner Map Task Executor #0] INFO  org.apache.hadoop.mapred.LocalJobRunner - map
2016-09-20 16:26:13,599 [LocalJobRunner Map Task Executor #0] INFO  org.apache.hadoop.mapred.Task - Task 'attempt_local181732998_0001_m_000002_0' done.
2016-09-20 16:26:13,599 [LocalJobRunner Map Task Executor #0] INFO  org.apache.hadoop.mapred.LocalJobRunner - Finishing task: attempt_local181732998_0001_m_000002_0
2016-09-20 16:26:13,600 [Thread-32] INFO  org.apache.hadoop.mapred.LocalJobRunner - map task executor complete.
2016-09-20 16:26:13,602 [Thread-32] INFO  org.apache.hadoop.mapred.LocalJobRunner - Waiting for reduce tasks
2016-09-20 16:26:13,602 [pool-6-thread-1] INFO  org.apache.hadoop.mapred.LocalJobRunner - Starting task: attempt_local181732998_0001_r_000000_0
2016-09-20 16:26:13,619 [pool-6-thread-1] INFO  org.apache.hadoop.mapreduce.lib.output.FileOutputCommitter - File Output Committer Algorithm version is 1
2016-09-20 16:26:13,621 [pool-6-thread-1] INFO  org.apache.hadoop.mapred.Task -  Using ResourceCalculatorProcessTree : [ ]
2016-09-20 16:26:13,623 [pool-6-thread-1] INFO  org.apache.hadoop.mapred.ReduceTask - Using ShuffleConsumerPlugin: org.apache.hadoop.mapreduce.task.reduce.Shuffle@7445fd
2016-09-20 16:26:13,635 [pool-6-thread-1] INFO  org.apache.hadoop.mapreduce.task.reduce.MergeManagerImpl - MergerManager: memoryLimit=652528832, maxSingleShuffleLimit=163132208, mergeThreshold=430669056, ioSortFactor=10, memToMemMergeOutputsThreshold=10
2016-09-20 16:26:13,641 [EventFetcher for fetching Map Completion Events] INFO  org.apache.hadoop.mapreduce.task.reduce.EventFetcher - attempt_local181732998_0001_r_000000_0 Thread started: EventFetcher for fetching Map Completion Events
2016-09-20 16:26:13,681 [localfetcher#1] INFO  org.apache.hadoop.mapreduce.task.reduce.LocalFetcher - localfetcher#1 about to shuffle output of map attempt_local181732998_0001_m_000002_0 decomp: 37 len: 41 to MEMORY
2016-09-20 16:26:13,682 [localfetcher#1] INFO  org.apache.hadoop.mapreduce.task.reduce.InMemoryMapOutput - Read 37 bytes from map-output for attempt_local181732998_0001_m_000002_0
2016-09-20 16:26:13,685 [localfetcher#1] INFO  org.apache.hadoop.mapreduce.task.reduce.MergeManagerImpl - closeInMemoryFile -> map-output of size: 37, inMemoryMapOutputs.size() -> 1, commitMemory -> 0, usedMemory ->37
2016-09-20 16:26:13,687 [localfetcher#1] INFO  org.apache.hadoop.mapreduce.task.reduce.LocalFetcher - localfetcher#1 about to shuffle output of map attempt_local181732998_0001_m_000000_0 decomp: 89 len: 93 to MEMORY
2016-09-20 16:26:13,687 [localfetcher#1] INFO  org.apache.hadoop.mapreduce.task.reduce.InMemoryMapOutput - Read 89 bytes from map-output for attempt_local181732998_0001_m_000000_0
2016-09-20 16:26:13,687 [localfetcher#1] INFO  org.apache.hadoop.mapreduce.task.reduce.MergeManagerImpl - closeInMemoryFile -> map-output of size: 89, inMemoryMapOutputs.size() -> 2, commitMemory -> 37, usedMemory ->126
2016-09-20 16:26:13,688 [localfetcher#1] INFO  org.apache.hadoop.mapreduce.task.reduce.LocalFetcher - localfetcher#1 about to shuffle output of map attempt_local181732998_0001_m_000001_0 decomp: 38 len: 42 to MEMORY
2016-09-20 16:26:13,689 [localfetcher#1] INFO  org.apache.hadoop.mapreduce.task.reduce.InMemoryMapOutput - Read 38 bytes from map-output for attempt_local181732998_0001_m_000001_0
2016-09-20 16:26:13,689 [localfetcher#1] INFO  org.apache.hadoop.mapreduce.task.reduce.MergeManagerImpl - closeInMemoryFile -> map-output of size: 38, inMemoryMapOutputs.size() -> 3, commitMemory -> 126, usedMemory ->164
2016-09-20 16:26:13,689 [EventFetcher for fetching Map Completion Events] INFO  org.apache.hadoop.mapreduce.task.reduce.EventFetcher - EventFetcher is interrupted.. Returning
2016-09-20 16:26:13,690 [pool-6-thread-1] INFO  org.apache.hadoop.mapred.LocalJobRunner - 3 / 3 copied.
2016-09-20 16:26:13,690 [pool-6-thread-1] INFO  org.apache.hadoop.mapreduce.task.reduce.MergeManagerImpl - finalMerge called with 3 in-memory map-outputs and 0 on-disk map-outputs
2016-09-20 16:26:13,692 [pool-6-thread-1] INFO  org.apache.hadoop.mapred.Merger - Merging 3 sorted segments
2016-09-20 16:26:13,693 [pool-6-thread-1] INFO  org.apache.hadoop.mapred.Merger - Down to the last merge-pass, with 3 segments left of total size: 139 bytes
2016-09-20 16:26:13,694 [pool-6-thread-1] INFO  org.apache.hadoop.mapreduce.task.reduce.MergeManagerImpl - Merged 3 segments, 164 bytes to disk to satisfy reduce memory limit
2016-09-20 16:26:13,695 [pool-6-thread-1] INFO  org.apache.hadoop.mapreduce.task.reduce.MergeManagerImpl - Merging 1 files, 164 bytes from disk
2016-09-20 16:26:13,696 [pool-6-thread-1] INFO  org.apache.hadoop.mapreduce.task.reduce.MergeManagerImpl - Merging 0 segments, 0 bytes from memory into reduce
2016-09-20 16:26:13,696 [pool-6-thread-1] INFO  org.apache.hadoop.mapred.Merger - Merging 1 sorted segments
2016-09-20 16:26:13,696 [pool-6-thread-1] INFO  org.apache.hadoop.mapred.Merger - Down to the last merge-pass, with 1 segments left of total size: 152 bytes
2016-09-20 16:26:13,697 [pool-6-thread-1] INFO  org.apache.hadoop.mapred.LocalJobRunner - 3 / 3 copied.
2016-09-20 16:26:13,701 [pool-6-thread-1] INFO  org.apache.hadoop.mapreduce.lib.output.FileOutputCommitter - File Output Committer Algorithm version is 1
2016-09-20 16:26:13,704 [pool-6-thread-1] INFO  org.apache.hadoop.conf.Configuration.deprecation - mapred.skip.on is deprecated. Instead, use mapreduce.job.skiprecords
2016-09-20 16:26:13,705 [pool-6-thread-1] INFO  org.apache.pig.impl.util.SpillableMemoryManager - Selected heap (PS Old Gen) of size 699138048 to monitor. collectionUsageThreshold = 489396640, usageThreshold = 489396640
2016-09-20 16:26:13,705 [pool-6-thread-1] WARN  org.apache.pig.data.SchemaTupleBackend - SchemaTupleBackend has already been initialized
2016-09-20 16:26:13,708 [pool-6-thread-1] INFO  org.apache.pig.backend.hadoop.executionengine.mapReduceLayer.PigMapReduce$Reduce - Aliases being processed per job phase (AliasName[line,offset]): M: TestData[1,11],Rounded[-1,-1],Totals[7,9],Groups[6,9] C: Totals[7,9],Groups[6,9] R: Totals[7,9]
2016-09-20 16:26:13,715 [pool-6-thread-1] INFO  org.apache.hadoop.mapred.Task - Task:attempt_local181732998_0001_r_000000_0 is done. And is in the process of committing
2016-09-20 16:26:13,718 [pool-6-thread-1] INFO  org.apache.hadoop.mapred.LocalJobRunner - 3 / 3 copied.
2016-09-20 16:26:13,718 [pool-6-thread-1] INFO  org.apache.hadoop.mapred.Task - Task attempt_local181732998_0001_r_000000_0 is allowed to commit now
2016-09-20 16:26:13,726 [pool-6-thread-1] INFO  org.apache.hadoop.mapreduce.lib.output.FileOutputCommitter - Saved output of task 'attempt_local181732998_0001_r_000000_0' to hdfs://localhost:9000/user/hadoop/10_pig_test.out/_temporary/0/task_local181732998_0001_r_000000
2016-09-20 16:26:13,727 [pool-6-thread-1] INFO  org.apache.hadoop.mapred.LocalJobRunner - reduce > reduce
2016-09-20 16:26:13,727 [pool-6-thread-1] INFO  org.apache.hadoop.mapred.Task - Task 'attempt_local181732998_0001_r_000000_0' done.
2016-09-20 16:26:13,727 [pool-6-thread-1] INFO  org.apache.hadoop.mapred.LocalJobRunner - Finishing task: attempt_local181732998_0001_r_000000_0
2016-09-20 16:26:13,727 [Thread-32] INFO  org.apache.hadoop.mapred.LocalJobRunner - reduce task executor complete.
2016-09-20 16:26:14,147 [main] INFO  org.apache.pig.backend.hadoop.executionengine.mapReduceLayer.MapReduceLauncher - Running jobs are [job_local181732998_0001]
2016-09-20 16:26:18,155 [main] INFO  org.apache.hadoop.metrics.jvm.JvmMetrics - Cannot initialize JVM Metrics with processName=JobTracker, sessionId= - already initialized
2016-09-20 16:26:18,160 [main] INFO  org.apache.hadoop.metrics.jvm.JvmMetrics - Cannot initialize JVM Metrics with processName=JobTracker, sessionId= - already initialized
2016-09-20 16:26:18,160 [main] INFO  org.apache.hadoop.conf.Configuration.deprecation - mapred.map.tasks is deprecated. Instead, use mapreduce.job.maps
2016-09-20 16:26:18,161 [main] INFO  org.apache.hadoop.metrics.jvm.JvmMetrics - Cannot initialize JVM Metrics with processName=JobTracker, sessionId= - already initialized
2016-09-20 16:26:18,194 [main] INFO  org.apache.pig.backend.hadoop.executionengine.mapReduceLayer.MapReduceLauncher - 100% complete
2016-09-20 16:26:18,196 [main] INFO  org.apache.pig.tools.pigstats.mapreduce.SimplePigStats - Script Statistics: 

HadoopVersion   PigVersion      UserId  StartedAt       FinishedAt      Features
2.7.3   0.16.0  hadoop  2016-09-20 16:25:26     2016-09-20 16:26:18     GROUP_BY

Success!

Job Stats (time in seconds):
JobId   Maps    Reduces MaxMapTime      MinMapTime      AvgMapTime      MedianMapTime   MaxReduceTime   MinReduceTime   AvgReduceTime   MedianReducetime        Alias   Feature Outputs
job_local181732998_0001 3       1       n/a     n/a     n/a     n/a     n/a     n/a     n/a     n/a     Groups,Rounded,TestData,Totals  GROUP_BY,COMBINER       hdfs://localhost:9000/user/hadoop/10_pig_test.out,

Input(s):
Successfully read 10000000 records (1053101595 bytes) from: "/user/test2"

Output(s):
Successfully stored 3 records (21512885 bytes) in: "hdfs://localhost:9000/user/hadoop/10_pig_test.out"

Counters:
Total records written : 3
Total bytes written : 21512885
Spillable Memory Manager spill count : 0
Total bags proactively spilled: 4
Total records proactively spilled: 4184909

Job DAG:
job_local181732998_0001


2016-09-20 16:26:18,197 [main] INFO  org.apache.hadoop.metrics.jvm.JvmMetrics - Cannot initialize JVM Metrics with processName=JobTracker, sessionId= - already initialized
2016-09-20 16:26:18,198 [main] INFO  org.apache.hadoop.metrics.jvm.JvmMetrics - Cannot initialize JVM Metrics with processName=JobTracker, sessionId= - already initialized
2016-09-20 16:26:18,199 [main] INFO  org.apache.hadoop.metrics.jvm.JvmMetrics - Cannot initialize JVM Metrics with processName=JobTracker, sessionId= - already initialized
2016-09-20 16:26:18,209 [main] INFO  org.apache.pig.backend.hadoop.executionengine.mapReduceLayer.MapReduceLauncher - Success!
grunt> 

